2022-04-12 11:17:42,234 [Worker-5: Loading available Gradle versions] INFO  o.e.b.c.i.u.g.PublishedGradleVersions - Gradle version information cache is up-to-date. Trying to read.
2022-04-12 11:23:08,646 [Worker-22: http://download.jboss.org/jbosstools/targetplatforms/jbtcentraltarget/4.21.3.Final-SNAPSHOT/REPO/content.jar] INFO  o.a.h.c.h.i.c.HttpRequestRetryExec - Recoverable I/O exception (org.apache.hc.core5.http.NoHttpResponseException) caught when processing request to {}->http://download.jboss.org:80
2022-04-12 11:34:32,635 [Worker-59: https://ftp.jaist.ac.jp/pub/eclipse/releases/2022-03/202203161000/plugins/org.eclipse.wst.json.npm.core_1.0.0.v201901071922.jar] INFO  o.a.h.c.h.i.c.HttpRequestRetryExec - Recoverable I/O exception (org.apache.hc.core5.http.NoHttpResponseException) caught when processing request to {s}->https://ftp.jaist.ac.jp:443
2022-04-12 11:34:34,033 [Worker-59: https://ftp.jaist.ac.jp/pub/eclipse/releases/2022-03/202203161000/features/org.eclipse.wst.server_ui.feature_3.3.1300.v202201160314.jar] INFO  o.a.h.c.h.i.c.HttpRequestRetryExec - Recoverable I/O exception (org.apache.hc.core5.http.NoHttpResponseException) caught when processing request to {s}->https://ftp.jaist.ac.jp:443
2022-04-12 11:35:02,706 [Worker-3: Loading available Gradle versions] INFO  o.e.b.c.i.u.g.PublishedGradleVersions - Gradle version information cache is up-to-date. Trying to read.
2022-04-18 11:15:13,934 [Worker-0: Loading available Gradle versions] INFO  o.e.b.c.i.u.g.PublishedGradleVersions - Gradle version information cache is up-to-date. Trying to read.
2022-04-19 11:07:00,800 [Worker-0: Loading available Gradle versions] INFO  o.e.b.c.i.u.g.PublishedGradleVersions - Gradle version information cache is up-to-date. Trying to read.
2022-04-20 10:20:43,967 [Worker-3: Loading available Gradle versions] INFO  o.e.b.c.i.u.g.PublishedGradleVersions - Gradle version information cache is out-of-date. Trying to update.
2022-04-20 11:01:48,368 [Worker-4: Loading available Gradle versions] INFO  o.e.b.c.i.u.g.PublishedGradleVersions - Gradle version information cache is up-to-date. Trying to read.
2022-04-20 11:28:01,704 [Worker-2: Loading available Gradle versions] INFO  o.e.b.c.i.u.g.PublishedGradleVersions - Gradle version information cache is up-to-date. Trying to read.
2022-04-20 11:38:13,832 [Worker-2: Loading available Gradle versions] INFO  o.e.b.c.i.u.g.PublishedGradleVersions - Gradle version information cache is up-to-date. Trying to read.
2022-04-21 11:00:13,630 [Worker-4: Loading available Gradle versions] INFO  o.e.b.c.i.u.g.PublishedGradleVersions - Gradle version information cache is up-to-date. Trying to read.
2022-04-22 11:06:41,962 [Worker-4: Loading available Gradle versions] INFO  o.e.b.c.i.u.g.PublishedGradleVersions - Gradle version information cache is out-of-date. Trying to update.
2022-04-25 11:09:34,067 [Worker-3: Loading available Gradle versions] INFO  o.e.b.c.i.u.g.PublishedGradleVersions - Gradle version information cache is up-to-date. Trying to read.
2022-04-25 11:09:55,846 [Worker-1: Loading available Gradle versions] INFO  o.e.b.c.i.u.g.PublishedGradleVersions - Gradle version information cache is up-to-date. Trying to read.
2022-04-25 11:46:36,246 [Worker-11: Loading available Gradle versions] INFO  o.e.b.c.i.u.g.PublishedGradleVersions - Gradle version information cache is up-to-date. Trying to read.
2022-04-25 15:40:45,953 [Worker-3: Loading available Gradle versions] INFO  o.e.b.c.i.u.g.PublishedGradleVersions - Gradle version information cache is up-to-date. Trying to read.
2022-04-25 16:20:58,603 [Worker-2: Loading available Gradle versions] INFO  o.e.b.c.i.u.g.PublishedGradleVersions - Gradle version information cache is up-to-date. Trying to read.
2022-04-26 11:18:23,132 [Worker-5: Loading available Gradle versions] INFO  o.e.b.c.i.u.g.PublishedGradleVersions - Gradle version information cache is up-to-date. Trying to read.
2022-04-26 16:16:06,866 [Worker-3: Loading available Gradle versions] INFO  o.e.b.c.i.u.g.PublishedGradleVersions - Gradle version information cache is up-to-date. Trying to read.
2022-04-27 11:07:27,869 [Worker-4: Loading available Gradle versions] INFO  o.e.b.c.i.u.g.PublishedGradleVersions - Gradle version information cache is out-of-date. Trying to update.
2022-04-28 11:00:12,818 [Worker-0: Loading available Gradle versions] INFO  o.e.b.c.i.u.g.PublishedGradleVersions - Gradle version information cache is up-to-date. Trying to read.
2022-04-29 11:05:56,211 [Worker-2: Loading available Gradle versions] INFO  o.e.b.c.i.u.g.PublishedGradleVersions - Gradle version information cache is up-to-date. Trying to read.
2022-04-29 12:28:54,758 [Worker-4: Loading available Gradle versions] INFO  o.e.b.c.i.u.g.PublishedGradleVersions - Gradle version information cache is up-to-date. Trying to read.
2022-04-29 12:31:58,294 [Worker-0: Loading available Gradle versions] INFO  o.e.b.c.i.u.g.PublishedGradleVersions - Gradle version information cache is up-to-date. Trying to read.
2022-04-29 14:05:33,225 [Worker-0: Loading available Gradle versions] INFO  o.e.b.c.i.u.g.PublishedGradleVersions - Gradle version information cache is up-to-date. Trying to read.
2022-05-04 10:58:09,097 [Worker-0: Loading available Gradle versions] INFO  o.e.b.c.i.u.g.PublishedGradleVersions - Gradle version information cache is up-to-date. Trying to read.
2022-05-04 14:02:42,916 [Worker-18: Loading available Gradle versions] INFO  o.e.b.c.i.u.g.PublishedGradleVersions - Gradle version information cache is up-to-date. Trying to read.
2022-05-05 11:00:25,251 [Worker-0: Loading available Gradle versions] INFO  o.e.b.c.i.u.g.PublishedGradleVersions - Gradle version information cache is up-to-date. Trying to read.
2022-05-05 11:43:39,055 [Worker-1: Loading available Gradle versions] INFO  o.e.b.c.i.u.g.PublishedGradleVersions - Gradle version information cache is up-to-date. Trying to read.
2022-05-05 14:03:59,953 [Worker-0: Loading available Gradle versions] INFO  o.e.b.c.i.u.g.PublishedGradleVersions - Gradle version information cache is up-to-date. Trying to read.
2022-05-06 08:03:00,158 [Worker-1: Loading available Gradle versions] INFO  o.e.b.c.i.u.g.PublishedGradleVersions - Gradle version information cache is up-to-date. Trying to read.
2022-05-06 11:01:00,235 [Worker-6: Loading available Gradle versions] INFO  o.e.b.c.i.u.g.PublishedGradleVersions - Gradle version information cache is up-to-date. Trying to read.
2022-05-08 08:05:12,710 [Worker-3: Loading available Gradle versions] INFO  o.e.b.c.i.u.g.PublishedGradleVersions - Gradle version information cache is out-of-date. Trying to update.
2022-05-08 11:06:39,390 [Worker-3: Loading available Gradle versions] INFO  o.e.b.c.i.u.g.PublishedGradleVersions - Gradle version information cache is up-to-date. Trying to read.
2022-05-09 08:12:05,321 [Worker-1: Loading available Gradle versions] INFO  o.e.b.c.i.u.g.PublishedGradleVersions - Gradle version information cache is out-of-date. Trying to update.
2022-05-09 10:07:17,755 [Worker-2: Loading available Gradle versions] INFO  o.e.b.c.i.u.g.PublishedGradleVersions - Gradle version information cache is up-to-date. Trying to read.
2022-05-10 08:02:14,517 [Worker-2: Loading available Gradle versions] INFO  o.e.b.c.i.u.g.PublishedGradleVersions - Gradle version information cache is up-to-date. Trying to read.
2022-05-10 10:08:13,086 [Worker-5: Loading available Gradle versions] INFO  o.e.b.c.i.u.g.PublishedGradleVersions - Gradle version information cache is up-to-date. Trying to read.
2022-05-11 08:11:03,860 [Worker-0: Loading available Gradle versions] INFO  o.e.b.c.i.u.g.PublishedGradleVersions - Gradle version information cache is up-to-date. Trying to read.
2022-05-11 08:16:53,870 [Worker-3: Loading available Gradle versions] INFO  o.e.b.c.i.u.g.PublishedGradleVersions - Gradle version information cache is up-to-date. Trying to read.
2022-05-11 10:09:46,678 [Worker-4: Loading available Gradle versions] INFO  o.e.b.c.i.u.g.PublishedGradleVersions - Gradle version information cache is up-to-date. Trying to read.
2022-05-16 08:10:34,630 [Worker-1: Loading available Gradle versions] INFO  o.e.b.c.i.u.g.PublishedGradleVersions - Gradle version information cache is out-of-date. Trying to update.
2022-05-17 10:03:44,378 [Worker-5: Loading available Gradle versions] INFO  o.e.b.c.i.u.g.PublishedGradleVersions - Gradle version information cache is up-to-date. Trying to read.
2022-05-17 14:04:58,196 [Worker-0: Loading available Gradle versions] INFO  o.e.b.c.i.u.g.PublishedGradleVersions - Gradle version information cache is up-to-date. Trying to read.
2022-05-18 10:20:35,951 [Worker-0: Loading available Gradle versions] INFO  o.e.b.c.i.u.g.PublishedGradleVersions - Gradle version information cache is up-to-date. Trying to read.
2022-05-18 14:03:37,824 [Worker-0: Loading available Gradle versions] INFO  o.e.b.c.i.u.g.PublishedGradleVersions - Gradle version information cache is up-to-date. Trying to read.
2022-05-19 10:11:51,291 [Worker-3: Loading available Gradle versions] INFO  o.e.b.c.i.u.g.PublishedGradleVersions - Gradle version information cache is out-of-date. Trying to update.
2022-05-19 14:06:36,280 [Worker-2: Loading available Gradle versions] INFO  o.e.b.c.i.u.g.PublishedGradleVersions - Gradle version information cache is up-to-date. Trying to read.
2022-05-20 10:34:06,887 [Worker-5: Loading available Gradle versions] INFO  o.e.b.c.i.u.g.PublishedGradleVersions - Gradle version information cache is up-to-date. Trying to read.
2022-05-20 14:01:09,204 [Worker-0: Loading available Gradle versions] INFO  o.e.b.c.i.u.g.PublishedGradleVersions - Gradle version information cache is up-to-date. Trying to read.
2022-05-20 14:01:22,823 [Worker-10: https://download.eclipse.org/oomph/updates/milestone/latest/compositeContent.jar] INFO  o.a.h.c.h.i.c.HttpRequestRetryExec - Recoverable I/O exception (java.net.SocketException) caught when processing request to {s}->https://download.eclipse.org:443
2022-05-20 14:01:22,823 [Worker-5: https://download.eclipse.org/releases/2022-03/202203161000/content.xml.xz] INFO  o.a.h.c.h.i.c.HttpRequestRetryExec - Recoverable I/O exception (java.net.SocketException) caught when processing request to {s}->https://download.eclipse.org:443
2022-05-20 14:01:22,824 [Worker-0: https://download.eclipse.org/technology/epp/packages/2022-03/202203101200/content.jar] INFO  o.a.h.c.h.i.c.HttpRequestRetryExec - Recoverable I/O exception (java.net.SocketException) caught when processing request to {s}->https://download.eclipse.org:443
2022-05-22 07:59:05,249 [Worker-6: Loading available Gradle versions] INFO  o.e.b.c.i.u.g.PublishedGradleVersions - Gradle version information cache is up-to-date. Trying to read.
2022-05-22 08:11:32,853 [Worker-3: Loading available Gradle versions] INFO  o.e.b.c.i.u.g.PublishedGradleVersions - Gradle version information cache is up-to-date. Trying to read.
2022-05-22 08:46:32,176 [Worker-2: Loading available Gradle versions] INFO  o.e.b.c.i.u.g.PublishedGradleVersions - Gradle version information cache is up-to-date. Trying to read.
2022-05-23 07:24:43,226 [Worker-0: Loading available Gradle versions] INFO  o.e.b.c.i.u.g.PublishedGradleVersions - Gradle version information cache is up-to-date. Trying to read.
2022-05-23 08:09:31,103 [Worker-2: Loading available Gradle versions] INFO  o.e.b.c.i.u.g.PublishedGradleVersions - Gradle version information cache is out-of-date. Trying to update.
2022-05-23 10:07:37,032 [Worker-0: Loading available Gradle versions] INFO  o.e.b.c.i.u.g.PublishedGradleVersions - Gradle version information cache is up-to-date. Trying to read.
2022-05-23 14:04:39,360 [Worker-3: Loading available Gradle versions] INFO  o.e.b.c.i.u.g.PublishedGradleVersions - Gradle version information cache is up-to-date. Trying to read.
2022-05-26 10:09:08,682 [Worker-5: Loading available Gradle versions] INFO  o.e.b.c.i.u.g.PublishedGradleVersions - Gradle version information cache is up-to-date. Trying to read.
2022-05-26 10:47:22,369 [Worker-0: Loading available Gradle versions] INFO  o.e.b.c.i.u.g.PublishedGradleVersions - Gradle version information cache is up-to-date. Trying to read.
2022-05-26 14:02:09,760 [Worker-2: Loading available Gradle versions] INFO  o.e.b.c.i.u.g.PublishedGradleVersions - Gradle version information cache is up-to-date. Trying to read.
2022-05-27 10:14:47,625 [Worker-5: Loading available Gradle versions] INFO  o.e.b.c.i.u.g.PublishedGradleVersions - Gradle version information cache is up-to-date. Trying to read.
2022-05-27 10:33:51,117 [Worker-1: Loading available Gradle versions] INFO  o.e.b.c.i.u.g.PublishedGradleVersions - Gradle version information cache is up-to-date. Trying to read.
2022-05-27 10:36:36,951 [Worker-3: Loading available Gradle versions] INFO  o.e.b.c.i.u.g.PublishedGradleVersions - Gradle version information cache is up-to-date. Trying to read.
2022-05-29 10:04:40,514 [Worker-2: Loading available Gradle versions] INFO  o.e.b.c.i.u.g.PublishedGradleVersions - Gradle version information cache is out-of-date. Trying to update.
2022-05-30 10:11:49,390 [Worker-3: Loading available Gradle versions] INFO  o.e.b.c.i.u.g.PublishedGradleVersions - Gradle version information cache is up-to-date. Trying to read.
2022-06-05 10:43:25,821 [Worker-1: Loading available Gradle versions] INFO  o.e.b.c.i.u.g.PublishedGradleVersions - Gradle version information cache is up-to-date. Trying to read.
2022-06-05 10:44:20,832 [Worker-17: Creating maven-archetype-quickstart] INFO  o.e.m.c.i.p.ProjectConfigurationManager - Collecting project info '/pom.xml' D:\Users\Kabiraj\eclipse-workspace\classat11\IocContainer\pom.xml
2022-06-05 10:44:21,550 [Worker-17: Creating maven-archetype-quickstart] INFO  o.e.m.c.i.l.LifecycleMappingFactory - Using org.eclipse.m2e.jdt.JarLifecycleMapping lifecycle mapping for MavenProject: com.spring:IocContainer:0.0.1-SNAPSHOT @ D:\Users\Kabiraj\eclipse-workspace\classat11\IocContainer\pom.xml.
2022-06-05 10:44:21,914 [Worker-17: Creating maven-archetype-quickstart] INFO  o.e.m.j.i.AbstractJavaProjectConfigurator - Adding source folder /IocContainer/src/main/java
2022-06-05 10:44:21,917 [Worker-17: Creating maven-archetype-quickstart] INFO  o.e.m.j.i.AbstractJavaProjectConfigurator - Adding source folder /IocContainer/src/test/java
2022-06-05 10:44:21,981 [Worker-17: Creating maven-archetype-quickstart] INFO  o.e.m.c.i.p.ProjectConfigurationManager - Imported and configured 1 project(s) in 1 sec
2022-06-05 10:50:17,088 [Worker-2: Loading available Gradle versions] INFO  o.e.b.c.i.u.g.PublishedGradleVersions - Gradle version information cache is up-to-date. Trying to read.
2022-06-05 10:53:09,411 [Worker-8: Updating Maven Project] INFO  o.e.m.c.i.p.ProjectConfigurationManager - Update started
2022-06-05 10:53:09,887 [Worker-8: Updating Maven Project] INFO  o.e.m.c.i.l.LifecycleMappingFactory - Using org.eclipse.m2e.jdt.JarLifecycleMapping lifecycle mapping for MavenProject: com.spring:IocContainer:0.0.1-SNAPSHOT @ D:\Users\Kabiraj\eclipse-workspace\classat11\IocContainer\pom.xml.
2022-06-05 10:53:10,258 [Worker-8: Updating Maven Project] INFO  o.e.m.j.i.AbstractJavaProjectConfigurator - Adding source folder /IocContainer/src/main/java
2022-06-05 10:53:10,258 [Worker-8: Updating Maven Project] INFO  o.e.m.j.i.AbstractJavaProjectConfigurator - Adding source folder /IocContainer/src/test/java
2022-06-05 10:53:10,490 [Worker-8: Updating Maven Project] INFO  o.e.m.c.i.p.ProjectConfigurationManager - Update completed: 1 sec
2022-06-05 10:53:13,187 [Worker-1: Download sources and javadoc] INFO  o.e.m.c.i.e.AbstractTransferListenerAdapter - Downloading https://repo.maven.apache.org/maven2/org/springframework/spring-core/5.3.20/spring-core-5.3.20-sources.jar
2022-06-05 10:53:15,174 [Worker-1: Download sources and javadoc] INFO  o.e.m.c.i.e.AbstractTransferListenerAdapter - Downloaded https://repo.maven.apache.org/maven2/org/springframework/spring-core/5.3.20/spring-core-5.3.20-sources.jar
2022-06-05 10:53:15,271 [Worker-1: Download sources and javadoc] INFO  o.e.m.j.internal.DownloadSourcesJob - Downloaded sources for org.springframework:spring-core:5.3.20
2022-06-05 10:53:16,518 [Worker-1: Download sources and javadoc] INFO  o.e.m.c.i.e.AbstractTransferListenerAdapter - Downloading https://repo.maven.apache.org/maven2/org/springframework/spring-jcl/5.3.20/spring-jcl-5.3.20-sources.jar
2022-06-05 10:53:17,150 [Worker-1: Download sources and javadoc] INFO  o.e.m.c.i.e.AbstractTransferListenerAdapter - Downloaded https://repo.maven.apache.org/maven2/org/springframework/spring-jcl/5.3.20/spring-jcl-5.3.20-sources.jar
2022-06-05 10:53:17,228 [Worker-1: Download sources and javadoc] INFO  o.e.m.j.internal.DownloadSourcesJob - Downloaded sources for org.springframework:spring-jcl:5.3.20
2022-06-05 10:53:18,458 [Worker-1: Download sources and javadoc] INFO  o.e.m.c.i.e.AbstractTransferListenerAdapter - Downloading https://repo.maven.apache.org/maven2/org/springframework/spring-context/5.3.20/spring-context-5.3.20-sources.jar
2022-06-05 10:53:20,479 [Worker-1: Download sources and javadoc] INFO  o.e.m.c.i.e.AbstractTransferListenerAdapter - Downloaded https://repo.maven.apache.org/maven2/org/springframework/spring-context/5.3.20/spring-context-5.3.20-sources.jar
2022-06-05 10:53:20,516 [Worker-1: Download sources and javadoc] INFO  o.e.m.j.internal.DownloadSourcesJob - Downloaded sources for org.springframework:spring-context:5.3.20
2022-06-05 10:53:21,747 [Worker-1: Download sources and javadoc] INFO  o.e.m.c.i.e.AbstractTransferListenerAdapter - Downloading https://repo.maven.apache.org/maven2/org/springframework/spring-aop/5.3.20/spring-aop-5.3.20-sources.jar
2022-06-05 10:53:23,120 [Worker-1: Download sources and javadoc] INFO  o.e.m.c.i.e.AbstractTransferListenerAdapter - Downloaded https://repo.maven.apache.org/maven2/org/springframework/spring-aop/5.3.20/spring-aop-5.3.20-sources.jar
2022-06-05 10:53:23,172 [Worker-1: Download sources and javadoc] INFO  o.e.m.j.internal.DownloadSourcesJob - Downloaded sources for org.springframework:spring-aop:5.3.20
2022-06-05 10:53:24,456 [Worker-1: Download sources and javadoc] INFO  o.e.m.c.i.e.AbstractTransferListenerAdapter - Downloading https://repo.maven.apache.org/maven2/org/springframework/spring-beans/5.3.20/spring-beans-5.3.20-sources.jar
2022-06-05 10:53:26,408 [Worker-1: Download sources and javadoc] INFO  o.e.m.c.i.e.AbstractTransferListenerAdapter - Downloaded https://repo.maven.apache.org/maven2/org/springframework/spring-beans/5.3.20/spring-beans-5.3.20-sources.jar
2022-06-05 10:53:26,479 [Worker-1: Download sources and javadoc] INFO  o.e.m.j.internal.DownloadSourcesJob - Downloaded sources for org.springframework:spring-beans:5.3.20
2022-06-05 10:53:27,746 [Worker-1: Download sources and javadoc] INFO  o.e.m.c.i.e.AbstractTransferListenerAdapter - Downloading https://repo.maven.apache.org/maven2/org/springframework/spring-expression/5.3.20/spring-expression-5.3.20-sources.jar
2022-06-05 10:53:28,839 [Worker-1: Download sources and javadoc] INFO  o.e.m.c.i.e.AbstractTransferListenerAdapter - Downloaded https://repo.maven.apache.org/maven2/org/springframework/spring-expression/5.3.20/spring-expression-5.3.20-sources.jar
2022-06-05 10:53:28,888 [Worker-1: Download sources and javadoc] INFO  o.e.m.j.internal.DownloadSourcesJob - Downloaded sources for org.springframework:spring-expression:5.3.20
2022-06-05 10:58:57,277 [Worker-22: Launching App] INFO  o.e.m.c.i.embedder.EclipseLogger - Using 'UTF-8' encoding to copy filtered resources.
2022-06-05 10:58:57,277 [Worker-22: Launching App] INFO  o.e.m.c.i.embedder.EclipseLogger - skip non existing resourceDirectory D:\Users\Kabiraj\eclipse-workspace\classat11\IocContainer\src\main\resources
2022-06-05 10:58:57,280 [Worker-22: Launching App] INFO  o.e.m.c.i.embedder.EclipseLogger - Using 'UTF-8' encoding to copy filtered resources.
2022-06-05 10:58:57,280 [Worker-22: Launching App] INFO  o.e.m.c.i.embedder.EclipseLogger - skip non existing resourceDirectory D:\Users\Kabiraj\eclipse-workspace\classat11\IocContainer\src\test\resources
2022-06-05 11:00:05,060 [Worker-26: Launching beans.xml] INFO  o.e.m.c.i.embedder.EclipseLogger - Using 'UTF-8' encoding to copy filtered resources.
2022-06-05 11:00:05,060 [Worker-26: Launching beans.xml] INFO  o.e.m.c.i.embedder.EclipseLogger - skip non existing resourceDirectory D:\Users\Kabiraj\eclipse-workspace\classat11\IocContainer\src\main\resources
2022-06-05 11:00:05,063 [Worker-26: Launching beans.xml] INFO  o.e.m.c.i.embedder.EclipseLogger - Using 'UTF-8' encoding to copy filtered resources.
2022-06-05 11:00:05,064 [Worker-26: Launching beans.xml] INFO  o.e.m.c.i.embedder.EclipseLogger - skip non existing resourceDirectory D:\Users\Kabiraj\eclipse-workspace\classat11\IocContainer\src\test\resources
2022-06-05 11:00:10,967 [Worker-29: Launching App] INFO  o.e.m.c.i.embedder.EclipseLogger - Using 'UTF-8' encoding to copy filtered resources.
2022-06-05 11:00:10,967 [Worker-29: Launching App] INFO  o.e.m.c.i.embedder.EclipseLogger - skip non existing resourceDirectory D:\Users\Kabiraj\eclipse-workspace\classat11\IocContainer\src\main\resources
2022-06-05 11:00:10,968 [Worker-29: Launching App] INFO  o.e.m.c.i.embedder.EclipseLogger - Using 'UTF-8' encoding to copy filtered resources.
2022-06-05 11:00:10,969 [Worker-29: Launching App] INFO  o.e.m.c.i.embedder.EclipseLogger - skip non existing resourceDirectory D:\Users\Kabiraj\eclipse-workspace\classat11\IocContainer\src\test\resources
2022-06-05 11:04:59,157 [Worker-23: Launching App] INFO  o.e.m.c.i.embedder.EclipseLogger - Using 'UTF-8' encoding to copy filtered resources.
2022-06-05 11:04:59,157 [Worker-23: Launching App] INFO  o.e.m.c.i.embedder.EclipseLogger - skip non existing resourceDirectory D:\Users\Kabiraj\eclipse-workspace\classat11\IocContainer\src\main\resources
2022-06-05 11:04:59,159 [Worker-23: Launching App] INFO  o.e.m.c.i.embedder.EclipseLogger - Using 'UTF-8' encoding to copy filtered resources.
2022-06-05 11:04:59,159 [Worker-23: Launching App] INFO  o.e.m.c.i.embedder.EclipseLogger - skip non existing resourceDirectory D:\Users\Kabiraj\eclipse-workspace\classat11\IocContainer\src\test\resources
2022-06-05 11:05:19,015 [Worker-32: Launching beans.xml (1)] INFO  o.e.m.c.i.embedder.EclipseLogger - Using 'UTF-8' encoding to copy filtered resources.
2022-06-05 11:05:19,015 [Worker-32: Launching beans.xml (1)] INFO  o.e.m.c.i.embedder.EclipseLogger - skip non existing resourceDirectory D:\Users\Kabiraj\eclipse-workspace\classat11\IocContainer\src\main\resources
2022-06-05 11:05:19,016 [Worker-32: Launching beans.xml (1)] INFO  o.e.m.c.i.embedder.EclipseLogger - Using 'UTF-8' encoding to copy filtered resources.
2022-06-05 11:05:19,016 [Worker-32: Launching beans.xml (1)] INFO  o.e.m.c.i.embedder.EclipseLogger - skip non existing resourceDirectory D:\Users\Kabiraj\eclipse-workspace\classat11\IocContainer\src\test\resources
2022-06-05 11:05:27,868 [Worker-23: Launching App] INFO  o.e.m.c.i.embedder.EclipseLogger - Using 'UTF-8' encoding to copy filtered resources.
2022-06-05 11:05:27,868 [Worker-23: Launching App] INFO  o.e.m.c.i.embedder.EclipseLogger - skip non existing resourceDirectory D:\Users\Kabiraj\eclipse-workspace\classat11\IocContainer\src\main\resources
2022-06-05 11:05:27,869 [Worker-23: Launching App] INFO  o.e.m.c.i.embedder.EclipseLogger - Using 'UTF-8' encoding to copy filtered resources.
2022-06-05 11:05:27,869 [Worker-23: Launching App] INFO  o.e.m.c.i.embedder.EclipseLogger - skip non existing resourceDirectory D:\Users\Kabiraj\eclipse-workspace\classat11\IocContainer\src\test\resources
2022-06-05 11:05:46,091 [Worker-27: Launching App] INFO  o.e.m.c.i.embedder.EclipseLogger - Using 'UTF-8' encoding to copy filtered resources.
2022-06-05 11:05:46,091 [Worker-27: Launching App] INFO  o.e.m.c.i.embedder.EclipseLogger - skip non existing resourceDirectory D:\Users\Kabiraj\eclipse-workspace\classat11\IocContainer\src\main\resources
2022-06-05 11:05:46,091 [Worker-27: Launching App] INFO  o.e.m.c.i.embedder.EclipseLogger - Using 'UTF-8' encoding to copy filtered resources.
2022-06-05 11:05:46,091 [Worker-27: Launching App] INFO  o.e.m.c.i.embedder.EclipseLogger - skip non existing resourceDirectory D:\Users\Kabiraj\eclipse-workspace\classat11\IocContainer\src\test\resources
2022-06-05 11:05:59,573 [Worker-24: Launching App] INFO  o.e.m.c.i.embedder.EclipseLogger - Using 'UTF-8' encoding to copy filtered resources.
2022-06-05 11:05:59,573 [Worker-24: Launching App] INFO  o.e.m.c.i.embedder.EclipseLogger - skip non existing resourceDirectory D:\Users\Kabiraj\eclipse-workspace\classat11\IocContainer\src\main\resources
2022-06-05 11:05:59,574 [Worker-24: Launching App] INFO  o.e.m.c.i.embedder.EclipseLogger - Using 'UTF-8' encoding to copy filtered resources.
2022-06-05 11:05:59,574 [Worker-24: Launching App] INFO  o.e.m.c.i.embedder.EclipseLogger - skip non existing resourceDirectory D:\Users\Kabiraj\eclipse-workspace\classat11\IocContainer\src\test\resources
2022-06-05 11:06:13,961 [Worker-24: Launching App] INFO  o.e.m.c.i.embedder.EclipseLogger - Using 'UTF-8' encoding to copy filtered resources.
2022-06-05 11:06:13,961 [Worker-24: Launching App] INFO  o.e.m.c.i.embedder.EclipseLogger - skip non existing resourceDirectory D:\Users\Kabiraj\eclipse-workspace\classat11\IocContainer\src\main\resources
2022-06-05 11:06:13,962 [Worker-24: Launching App] INFO  o.e.m.c.i.embedder.EclipseLogger - Using 'UTF-8' encoding to copy filtered resources.
2022-06-05 11:06:13,962 [Worker-24: Launching App] INFO  o.e.m.c.i.embedder.EclipseLogger - skip non existing resourceDirectory D:\Users\Kabiraj\eclipse-workspace\classat11\IocContainer\src\test\resources
2022-06-05 11:06:35,602 [Worker-13: Launching App] INFO  o.e.m.c.i.embedder.EclipseLogger - Using 'UTF-8' encoding to copy filtered resources.
2022-06-05 11:06:35,602 [Worker-13: Launching App] INFO  o.e.m.c.i.embedder.EclipseLogger - skip non existing resourceDirectory D:\Users\Kabiraj\eclipse-workspace\classat11\IocContainer\src\main\resources
2022-06-05 11:06:35,604 [Worker-13: Launching App] INFO  o.e.m.c.i.embedder.EclipseLogger - Using 'UTF-8' encoding to copy filtered resources.
2022-06-05 11:06:35,604 [Worker-13: Launching App] INFO  o.e.m.c.i.embedder.EclipseLogger - skip non existing resourceDirectory D:\Users\Kabiraj\eclipse-workspace\classat11\IocContainer\src\test\resources
2022-06-05 11:06:43,316 [Worker-25: Launching App] INFO  o.e.m.c.i.embedder.EclipseLogger - Using 'UTF-8' encoding to copy filtered resources.
2022-06-05 11:06:43,316 [Worker-25: Launching App] INFO  o.e.m.c.i.embedder.EclipseLogger - skip non existing resourceDirectory D:\Users\Kabiraj\eclipse-workspace\classat11\IocContainer\src\main\resources
2022-06-05 11:06:43,317 [Worker-25: Launching App] INFO  o.e.m.c.i.embedder.EclipseLogger - Using 'UTF-8' encoding to copy filtered resources.
2022-06-05 11:06:43,317 [Worker-25: Launching App] INFO  o.e.m.c.i.embedder.EclipseLogger - skip non existing resourceDirectory D:\Users\Kabiraj\eclipse-workspace\classat11\IocContainer\src\test\resources
2022-06-05 11:07:42,896 [Worker-32: Launching App] INFO  o.e.m.c.i.embedder.EclipseLogger - Using 'UTF-8' encoding to copy filtered resources.
2022-06-05 11:07:42,896 [Worker-32: Launching App] INFO  o.e.m.c.i.embedder.EclipseLogger - skip non existing resourceDirectory D:\Users\Kabiraj\eclipse-workspace\classat11\IocContainer\src\main\resources
2022-06-05 11:07:42,897 [Worker-32: Launching App] INFO  o.e.m.c.i.embedder.EclipseLogger - Using 'UTF-8' encoding to copy filtered resources.
2022-06-05 11:07:42,897 [Worker-32: Launching App] INFO  o.e.m.c.i.embedder.EclipseLogger - skip non existing resourceDirectory D:\Users\Kabiraj\eclipse-workspace\classat11\IocContainer\src\test\resources
